{"/home/hendra/Work/node/caphe/lib/caphe.js":{"path":"/home/hendra/Work/node/caphe/lib/caphe.js","s":{"1":1,"2":1,"3":1,"4":1,"5":1,"6":11,"7":11,"8":11,"9":13,"10":13,"11":21,"12":21,"13":21,"14":11,"15":1,"16":2,"17":2,"18":2,"19":2,"20":1,"21":1,"22":1,"23":1,"24":2,"25":1,"26":5,"27":5,"28":5,"29":1,"30":2,"31":2,"32":2,"33":2,"34":4,"35":4,"36":2,"37":1,"38":4,"39":4,"40":4,"41":4,"42":4,"43":4,"44":14,"45":14,"46":14,"47":4,"48":1,"49":4,"50":4,"51":4,"52":4,"53":4,"54":4,"55":7,"56":7,"57":7,"58":4,"59":1,"60":5,"61":5,"62":5,"63":5,"64":10,"65":10,"66":10,"67":10,"68":5,"69":1,"70":5,"71":5,"72":5,"73":5,"74":5,"75":5,"76":20,"77":20,"78":20,"79":5,"80":1,"81":10,"82":4,"83":1,"84":10,"85":12,"86":1,"87":4,"88":8,"89":1,"90":14,"91":4,"92":1,"93":7,"94":4,"95":1,"96":10,"97":1,"98":1},"b":{"1":[11,0],"2":[21,0],"3":[1,1],"4":[1,1],"5":[5,0],"6":[4,0],"7":[14,0],"8":[4,0],"9":[7,0],"10":[5,0],"11":[5,0],"12":[20,0]},"f":{"1":1,"2":1,"3":7,"4":11,"5":2,"6":5,"7":2,"8":4,"9":4,"10":5,"11":5,"12":10,"13":4,"14":10,"15":12,"16":4,"17":8,"18":14,"19":4,"20":7,"21":4,"22":10},"fnMap":{"1":{"name":"(anonymous_1)","line":2,"loc":{"start":{"line":2,"column":1},"end":{"line":2,"column":12}}},"2":{"name":"(anonymous_2)","line":6,"loc":{"start":{"line":6,"column":11},"end":{"line":6,"column":22}}},"3":{"name":"Caphe","line":7,"loc":{"start":{"line":7,"column":4},"end":{"line":7,"column":21}}},"4":{"name":"(anonymous_4)","line":9,"loc":{"start":{"line":9,"column":18},"end":{"line":9,"column":29}}},"5":{"name":"(anonymous_5)","line":24,"loc":{"start":{"line":24,"column":20},"end":{"line":24,"column":31}}},"6":{"name":"(anonymous_6)","line":38,"loc":{"start":{"line":38,"column":25},"end":{"line":38,"column":36}}},"7":{"name":"(anonymous_7)","line":44,"loc":{"start":{"line":44,"column":18},"end":{"line":44,"column":38}}},"8":{"name":"(anonymous_8)","line":55,"loc":{"start":{"line":55,"column":20},"end":{"line":55,"column":31}}},"9":{"name":"(anonymous_9)","line":71,"loc":{"start":{"line":71,"column":21},"end":{"line":71,"column":32}}},"10":{"name":"(anonymous_10)","line":87,"loc":{"start":{"line":87,"column":32},"end":{"line":87,"column":43}}},"11":{"name":"(anonymous_11)","line":100,"loc":{"start":{"line":100,"column":26},"end":{"line":100,"column":37}}},"12":{"name":"(anonymous_12)","line":116,"loc":{"start":{"line":116,"column":36},"end":{"line":116,"column":52}}},"13":{"name":"(anonymous_13)","line":117,"loc":{"start":{"line":117,"column":13},"end":{"line":117,"column":24}}},"14":{"name":"(anonymous_14)","line":122,"loc":{"start":{"line":122,"column":36},"end":{"line":122,"column":52}}},"15":{"name":"(anonymous_15)","line":123,"loc":{"start":{"line":123,"column":13},"end":{"line":123,"column":29}}},"16":{"name":"(anonymous_16)","line":128,"loc":{"start":{"line":128,"column":44},"end":{"line":128,"column":60}}},"17":{"name":"(anonymous_17)","line":129,"loc":{"start":{"line":129,"column":13},"end":{"line":129,"column":24}}},"18":{"name":"(anonymous_18)","line":134,"loc":{"start":{"line":134,"column":43},"end":{"line":134,"column":72}}},"19":{"name":"(anonymous_19)","line":135,"loc":{"start":{"line":135,"column":13},"end":{"line":135,"column":24}}},"20":{"name":"(anonymous_20)","line":140,"loc":{"start":{"line":140,"column":44},"end":{"line":140,"column":83}}},"21":{"name":"(anonymous_21)","line":141,"loc":{"start":{"line":141,"column":13},"end":{"line":141,"column":24}}},"22":{"name":"(anonymous_22)","line":146,"loc":{"start":{"line":146,"column":32},"end":{"line":146,"column":46}}}},"statementMap":{"1":{"start":{"line":2,"column":0},"end":{"line":156,"column":14}},"2":{"start":{"line":3,"column":2},"end":{"line":4,"column":23}},"3":{"start":{"line":6,"column":2},"end":{"line":152,"column":7}},"4":{"start":{"line":7,"column":4},"end":{"line":7,"column":23}},"5":{"start":{"line":9,"column":4},"end":{"line":22,"column":6}},"6":{"start":{"line":10,"column":6},"end":{"line":10,"column":56}},"7":{"start":{"line":11,"column":6},"end":{"line":11,"column":99}},"8":{"start":{"line":12,"column":6},"end":{"line":20,"column":7}},"9":{"start":{"line":13,"column":8},"end":{"line":13,"column":33}},"10":{"start":{"line":14,"column":8},"end":{"line":19,"column":9}},"11":{"start":{"line":15,"column":10},"end":{"line":15,"column":26}},"12":{"start":{"line":16,"column":10},"end":{"line":18,"column":11}},"13":{"start":{"line":17,"column":12},"end":{"line":17,"column":28}},"14":{"start":{"line":21,"column":6},"end":{"line":21,"column":22}},"15":{"start":{"line":24,"column":4},"end":{"line":36,"column":6}},"16":{"start":{"line":25,"column":6},"end":{"line":25,"column":43}},"17":{"start":{"line":26,"column":6},"end":{"line":26,"column":93}},"18":{"start":{"line":27,"column":6},"end":{"line":27,"column":17}},"19":{"start":{"line":28,"column":6},"end":{"line":34,"column":7}},"20":{"start":{"line":29,"column":8},"end":{"line":29,"column":15}},"21":{"start":{"line":30,"column":8},"end":{"line":33,"column":9}},"22":{"start":{"line":31,"column":10},"end":{"line":31,"column":27}},"23":{"start":{"line":32,"column":10},"end":{"line":32,"column":33}},"24":{"start":{"line":35,"column":6},"end":{"line":35,"column":43}},"25":{"start":{"line":38,"column":4},"end":{"line":42,"column":6}},"26":{"start":{"line":39,"column":6},"end":{"line":39,"column":17}},"27":{"start":{"line":40,"column":6},"end":{"line":40,"column":71}},"28":{"start":{"line":41,"column":6},"end":{"line":41,"column":58}},"29":{"start":{"line":44,"column":4},"end":{"line":53,"column":6}},"30":{"start":{"line":45,"column":6},"end":{"line":45,"column":39}},"31":{"start":{"line":46,"column":6},"end":{"line":46,"column":31}},"32":{"start":{"line":47,"column":6},"end":{"line":47,"column":20}},"33":{"start":{"line":48,"column":6},"end":{"line":51,"column":7}},"34":{"start":{"line":49,"column":8},"end":{"line":49,"column":31}},"35":{"start":{"line":50,"column":8},"end":{"line":50,"column":95}},"36":{"start":{"line":52,"column":6},"end":{"line":52,"column":22}},"37":{"start":{"line":55,"column":4},"end":{"line":69,"column":6}},"38":{"start":{"line":56,"column":6},"end":{"line":56,"column":64}},"39":{"start":{"line":57,"column":6},"end":{"line":57,"column":99}},"40":{"start":{"line":58,"column":6},"end":{"line":58,"column":31}},"41":{"start":{"line":59,"column":6},"end":{"line":67,"column":7}},"42":{"start":{"line":60,"column":8},"end":{"line":60,"column":33}},"43":{"start":{"line":61,"column":8},"end":{"line":66,"column":9}},"44":{"start":{"line":62,"column":10},"end":{"line":62,"column":26}},"45":{"start":{"line":63,"column":10},"end":{"line":65,"column":11}},"46":{"start":{"line":64,"column":12},"end":{"line":64,"column":67}},"47":{"start":{"line":68,"column":6},"end":{"line":68,"column":22}},"48":{"start":{"line":71,"column":4},"end":{"line":85,"column":6}},"49":{"start":{"line":72,"column":6},"end":{"line":72,"column":64}},"50":{"start":{"line":73,"column":6},"end":{"line":73,"column":99}},"51":{"start":{"line":74,"column":6},"end":{"line":74,"column":31}},"52":{"start":{"line":75,"column":6},"end":{"line":83,"column":7}},"53":{"start":{"line":76,"column":8},"end":{"line":76,"column":33}},"54":{"start":{"line":77,"column":8},"end":{"line":82,"column":9}},"55":{"start":{"line":78,"column":10},"end":{"line":78,"column":26}},"56":{"start":{"line":79,"column":10},"end":{"line":81,"column":11}},"57":{"start":{"line":80,"column":12},"end":{"line":80,"column":78}},"58":{"start":{"line":84,"column":6},"end":{"line":84,"column":22}},"59":{"start":{"line":87,"column":4},"end":{"line":98,"column":6}},"60":{"start":{"line":88,"column":6},"end":{"line":88,"column":55}},"61":{"start":{"line":89,"column":6},"end":{"line":89,"column":71}},"62":{"start":{"line":90,"column":6},"end":{"line":90,"column":20}},"63":{"start":{"line":91,"column":6},"end":{"line":96,"column":7}},"64":{"start":{"line":92,"column":8},"end":{"line":92,"column":27}},"65":{"start":{"line":93,"column":8},"end":{"line":93,"column":53}},"66":{"start":{"line":94,"column":8},"end":{"line":94,"column":75}},"67":{"start":{"line":95,"column":8},"end":{"line":95,"column":75}},"68":{"start":{"line":97,"column":6},"end":{"line":97,"column":58}},"69":{"start":{"line":100,"column":4},"end":{"line":114,"column":6}},"70":{"start":{"line":101,"column":6},"end":{"line":101,"column":76}},"71":{"start":{"line":102,"column":6},"end":{"line":102,"column":99}},"72":{"start":{"line":103,"column":6},"end":{"line":112,"column":7}},"73":{"start":{"line":104,"column":8},"end":{"line":104,"column":33}},"74":{"start":{"line":105,"column":8},"end":{"line":105,"column":49}},"75":{"start":{"line":106,"column":8},"end":{"line":111,"column":9}},"76":{"start":{"line":107,"column":10},"end":{"line":107,"column":26}},"77":{"start":{"line":108,"column":10},"end":{"line":110,"column":11}},"78":{"start":{"line":109,"column":12},"end":{"line":109,"column":53}},"79":{"start":{"line":113,"column":6},"end":{"line":113,"column":22}},"80":{"start":{"line":116,"column":4},"end":{"line":120,"column":6}},"81":{"start":{"line":117,"column":6},"end":{"line":119,"column":8}},"82":{"start":{"line":118,"column":8},"end":{"line":118,"column":27}},"83":{"start":{"line":122,"column":4},"end":{"line":126,"column":6}},"84":{"start":{"line":123,"column":6},"end":{"line":125,"column":8}},"85":{"start":{"line":124,"column":8},"end":{"line":124,"column":35}},"86":{"start":{"line":128,"column":4},"end":{"line":132,"column":6}},"87":{"start":{"line":129,"column":6},"end":{"line":131,"column":8}},"88":{"start":{"line":130,"column":8},"end":{"line":130,"column":21}},"89":{"start":{"line":134,"column":4},"end":{"line":138,"column":6}},"90":{"start":{"line":135,"column":6},"end":{"line":137,"column":8}},"91":{"start":{"line":136,"column":8},"end":{"line":136,"column":61}},"92":{"start":{"line":140,"column":4},"end":{"line":144,"column":6}},"93":{"start":{"line":141,"column":6},"end":{"line":143,"column":8}},"94":{"start":{"line":142,"column":8},"end":{"line":142,"column":61}},"95":{"start":{"line":146,"column":4},"end":{"line":148,"column":6}},"96":{"start":{"line":147,"column":6},"end":{"line":147,"column":60}},"97":{"start":{"line":150,"column":4},"end":{"line":150,"column":17}},"98":{"start":{"line":154,"column":2},"end":{"line":154,"column":25}}},"branchMap":{"1":{"line":11,"type":"cond-expr","locations":[{"start":{"line":11,"column":67},"end":{"line":11,"column":93}},{"start":{"line":11,"column":96},"end":{"line":11,"column":98}}]},"2":{"line":16,"type":"if","locations":[{"start":{"line":16,"column":10},"end":{"line":16,"column":10}},{"start":{"line":16,"column":10},"end":{"line":16,"column":10}}]},"3":{"line":26,"type":"cond-expr","locations":[{"start":{"line":26,"column":61},"end":{"line":26,"column":87}},{"start":{"line":26,"column":90},"end":{"line":26,"column":92}}]},"4":{"line":28,"type":"if","locations":[{"start":{"line":28,"column":6},"end":{"line":28,"column":6}},{"start":{"line":28,"column":6},"end":{"line":28,"column":6}}]},"5":{"line":40,"type":"cond-expr","locations":[{"start":{"line":40,"column":39},"end":{"line":40,"column":65}},{"start":{"line":40,"column":68},"end":{"line":40,"column":70}}]},"6":{"line":57,"type":"cond-expr","locations":[{"start":{"line":57,"column":67},"end":{"line":57,"column":93}},{"start":{"line":57,"column":96},"end":{"line":57,"column":98}}]},"7":{"line":63,"type":"if","locations":[{"start":{"line":63,"column":10},"end":{"line":63,"column":10}},{"start":{"line":63,"column":10},"end":{"line":63,"column":10}}]},"8":{"line":73,"type":"cond-expr","locations":[{"start":{"line":73,"column":67},"end":{"line":73,"column":93}},{"start":{"line":73,"column":96},"end":{"line":73,"column":98}}]},"9":{"line":79,"type":"if","locations":[{"start":{"line":79,"column":10},"end":{"line":79,"column":10}},{"start":{"line":79,"column":10},"end":{"line":79,"column":10}}]},"10":{"line":89,"type":"cond-expr","locations":[{"start":{"line":89,"column":39},"end":{"line":89,"column":65}},{"start":{"line":89,"column":68},"end":{"line":89,"column":70}}]},"11":{"line":102,"type":"cond-expr","locations":[{"start":{"line":102,"column":67},"end":{"line":102,"column":93}},{"start":{"line":102,"column":96},"end":{"line":102,"column":98}}]},"12":{"line":108,"type":"if","locations":[{"start":{"line":108,"column":10},"end":{"line":108,"column":10}},{"start":{"line":108,"column":10},"end":{"line":108,"column":10}}]}}}}