TN:
SF:/home/hendra/Work/node/caphe/lib/caphe.js
FN:2,(anonymous_1)
FN:6,(anonymous_2)
FN:7,Caphe
FN:9,(anonymous_4)
FN:24,(anonymous_5)
FN:38,(anonymous_6)
FN:44,(anonymous_7)
FN:55,(anonymous_8)
FN:71,(anonymous_9)
FN:87,(anonymous_10)
FN:100,(anonymous_11)
FN:116,(anonymous_12)
FN:117,(anonymous_13)
FN:122,(anonymous_14)
FN:123,(anonymous_15)
FN:128,(anonymous_16)
FN:129,(anonymous_17)
FN:134,(anonymous_18)
FN:135,(anonymous_19)
FN:140,(anonymous_20)
FN:141,(anonymous_21)
FN:146,(anonymous_22)
FNF:22
FNH:22
FNDA:1,(anonymous_1)
FNDA:1,(anonymous_2)
FNDA:7,Caphe
FNDA:11,(anonymous_4)
FNDA:2,(anonymous_5)
FNDA:5,(anonymous_6)
FNDA:2,(anonymous_7)
FNDA:4,(anonymous_8)
FNDA:4,(anonymous_9)
FNDA:5,(anonymous_10)
FNDA:5,(anonymous_11)
FNDA:10,(anonymous_12)
FNDA:4,(anonymous_13)
FNDA:10,(anonymous_14)
FNDA:12,(anonymous_15)
FNDA:4,(anonymous_16)
FNDA:8,(anonymous_17)
FNDA:14,(anonymous_18)
FNDA:4,(anonymous_19)
FNDA:7,(anonymous_20)
FNDA:4,(anonymous_21)
FNDA:10,(anonymous_22)
DA:2,1
DA:3,1
DA:6,1
DA:7,1
DA:9,1
DA:10,11
DA:11,11
DA:12,11
DA:13,13
DA:14,13
DA:15,21
DA:16,21
DA:17,21
DA:21,11
DA:24,1
DA:25,2
DA:26,2
DA:27,2
DA:28,2
DA:29,1
DA:30,1
DA:31,1
DA:32,1
DA:35,2
DA:38,1
DA:39,5
DA:40,5
DA:41,5
DA:44,1
DA:45,2
DA:46,2
DA:47,2
DA:48,2
DA:49,4
DA:50,4
DA:52,2
DA:55,1
DA:56,4
DA:57,4
DA:58,4
DA:59,4
DA:60,4
DA:61,4
DA:62,14
DA:63,14
DA:64,14
DA:68,4
DA:71,1
DA:72,4
DA:73,4
DA:74,4
DA:75,4
DA:76,4
DA:77,4
DA:78,7
DA:79,7
DA:80,7
DA:84,4
DA:87,1
DA:88,5
DA:89,5
DA:90,5
DA:91,5
DA:92,10
DA:93,10
DA:94,10
DA:95,10
DA:97,5
DA:100,1
DA:101,5
DA:102,5
DA:103,5
DA:104,5
DA:105,5
DA:106,5
DA:107,20
DA:108,20
DA:109,20
DA:113,5
DA:116,1
DA:117,10
DA:118,4
DA:122,1
DA:123,10
DA:124,12
DA:128,1
DA:129,4
DA:130,8
DA:134,1
DA:135,14
DA:136,4
DA:140,1
DA:141,7
DA:142,4
DA:146,1
DA:147,10
DA:150,1
DA:154,1
LF:98
LH:98
BRDA:11,1,0,11
BRDA:11,1,1,0
BRDA:16,2,0,21
BRDA:16,2,1,0
BRDA:26,3,0,1
BRDA:26,3,1,1
BRDA:28,4,0,1
BRDA:28,4,1,1
BRDA:40,5,0,5
BRDA:40,5,1,0
BRDA:57,6,0,4
BRDA:57,6,1,0
BRDA:63,7,0,14
BRDA:63,7,1,0
BRDA:73,8,0,4
BRDA:73,8,1,0
BRDA:79,9,0,7
BRDA:79,9,1,0
BRDA:89,10,0,5
BRDA:89,10,1,0
BRDA:102,11,0,5
BRDA:102,11,1,0
BRDA:108,12,0,20
BRDA:108,12,1,0
BRF:24
BRH:14
end_of_record
